<testsuite failures="1" name="karate/Article/Search/SearchArticle.feature" skipped="0" tests="1" time="0.330185">
  <testcase classname="karate.Article.Search.SearchArticle" name="Check the service GET method" time="0.330185">
    <failure message="SearchArticle.feature:17 - status code was: 404, expected: 200, response time: 321, url: https://angular-conduit-node.herokuapp.com/api/articles/vida1-kejm1e, response: Not Found">* url url ................................................................. passed
* def responseSeach = read('karate/Article/Search/ResponsSearch.json') .... passed
* print token ............................................................. passed
Given header Authorization = 'Bearer '+ token ............................. passed
Given path 'articles' ..................................................... passed
And path slug ............................................................. passed
When method GET ........................................................... passed
Then status 200 ........................................................... failed

Stack Trace:
com.intuit.karate.exception.KarateException: SearchArticle.feature:17 - status code was: 404, expected: 200, response time: 321, url: https://angular-conduit-node.herokuapp.com/api/articles/vida1-kejm1e, response: Not Found&#13;
	at âœ½.Then status 200 (SearchArticle.feature:17)&#13;

And match response == responseSeach ....................................... skipped</failure>
  </testcase>
</testsuite>
